INFO     Входим в аккаунт: +79819809142
INFO     Proxy 85.117.235.141:33885
INFO     Входим в аккаунт: +79819812465
INFO     Proxy 148.251.178.165:62854
INFO     Входим в аккаунт: +79819809142
INFO     Входим в аккаунт: +79819809142
INFO     Proxy 89.191.234.15:5555
INFO     Proxy 89.191.234.15:5555
INFO     Входим в аккаунт: +79819809142
INFO     Proxy 5.3.4.9:10021
INFO     LTC Click Bot
INFO     Пройдено циклов: 0
INFO     Входим в аккаунт: +79819809142
INFO     Proxy 192.162.124.158:1080
INFO     Входим в аккаунт: +79819809142
INFO     Proxy 216.144.228.130:15378
INFO     Входим в аккаунт: +79819809142
INFO     Proxy 193.242.151.221:3327
INFO     LTC Click Bot
INFO     Пройдено циклов: 0
INFO     Новая запись в файле сделана
INFO     Пройдено циклов: 1
INFO     Найдено reward
INFO     Ждать придется: 20
INFO     Перехожу по ссылке
INFO     Пройдено циклов: 1
INFO     Новая запись в файле сделана
INFO     Пройдено циклов: 2
INFO     Найдено reward
INFO     Ждать придется: 20
INFO     Перехожу по ссылке
INFO     Пройдено циклов: 2
INFO     Новая запись в файле сделана
INFO     Пройдено циклов: 3
INFO     Новая запись в файле сделана
INFO     Пройдено циклов: 4
INFO     Новая запись в файле сделана
INFO     Пройдено циклов: 5
INFO     Новая запись в файле сделана
INFO     Пройдено циклов: 6
INFO     Найдено повторение переменной
INFO     Нет заданий уже: 1 раз
INFO     Пройдено циклов: 6
INFO     Новая запись в файле сделана
INFO     Нет заданий уже: 1 раз
INFO     Пройдено циклов: 7
INFO     Найдено reward
INFO     Ждать придется: 20
INFO     Перехожу по ссылке
INFO     Нет заданий уже: 1 раз
INFO     Пройдено циклов: 7
INFO     Новая запись в файле сделана
INFO     Нет заданий уже: 1 раз
INFO     Пройдено циклов: 8
INFO     Новая запись в файле сделана
INFO     Нет заданий уже: 1 раз
INFO     Пройдено циклов: 9
INFO     Новая запись в файле сделана
INFO     Нет заданий уже: 1 раз
INFO     Пройдено циклов: 10
INFO     Переходим на другого бота
INFO     BTC Click Bot
INFO     Пройдено циклов: 0
INFO     Новая запись в файле сделана
INFO     Пройдено циклов: 1
INFO     Новая запись в файле сделана
INFO     Пройдено циклов: 2
INFO     Входим в аккаунт: +79819809142
INFO     Proxy 216.144.228.130:15378
INFO     Входим в аккаунт: +79819809142
INFO     Proxy 89.191.234.15:5555
INFO     Входим в аккаунт: +79819809142
INFO     Proxy 173.44.37.82:1080
INFO     LTC Click Bot
INFO     Пройдено циклов: 0
INFO     Входим в аккаунт: +79819809142
INFO     Proxy 85.117.235.141:33885
INFO     Входим в аккаунт: +79819809142
INFO     Proxy 5.3.4.9:10021
INFO     LTC Click Bot
INFO     Пройдено циклов: 0
INFO     Новая запись в файле сделана
INFO     Пройдено циклов: 1
INFO     Новая запись в файле сделана
INFO     Входим в аккаунт: +79819809142
INFO     Proxy 148.251.178.165:62854
INFO     LTC Click Bot
INFO     Пройдено циклов: 0
INFO     Новая запись в файле сделана
INFO     Пройдено циклов: 1
INFO     Найдено reward
INFO     Ждать придется: 35
INFO     Перехожу по ссылке
INFO     Пройдено циклов: 1
INFO     Новая запись в файле сделана
INFO     Пройдено циклов: 2
INFO     Новая запись в файле сделана
INFO     Пройдено циклов: 3
INFO     Новая запись в файле сделана
INFO     Пройдено циклов: 4
INFO     Новая запись в файле сделана
INFO     Пройдено циклов: 5
INFO     Новая запись в файле сделана
INFO     Пройдено циклов: 6
INFO     Новая запись в файле сделана
INFO     Пройдено циклов: 7
INFO     Новая запись в файле сделана
INFO     Пройдено циклов: 8
INFO     Новая запись в файле сделана
INFO     Пройдено циклов: 9
INFO     Новая запись в файле сделана
INFO     Пройдено циклов: 10
INFO     Переходим на другого бота
INFO     BTC Click Bot
INFO     Пройдено циклов: 0
INFO     Новая запись в файле сделана
INFO     Пройдено циклов: 1
INFO     Новая запись в файле сделана
INFO     Пройдено циклов: 2
INFO     Новая запись в файле сделана
INFO     Пройдено циклов: 3
INFO     Новая запись в файле сделана
INFO     Пройдено циклов: 4
INFO     Новая запись в файле сделана
INFO     Пройдено циклов: 5
INFO     Новая запись в файле сделана
INFO     Пройдено циклов: 6
INFO     Новая запись в файле сделана
INFO     Пройдено циклов: 7
INFO     Новая запись в файле сделана
INFO     Пройдено циклов: 8
INFO     Новая запись в файле сделана
INFO     Пройдено циклов: 9
INFO     Новая запись в файле сделана
INFO     Пройдено циклов: 10
INFO     Переходим на другого бота
INFO     ZEC Click Bot
INFO     Пройдено циклов: 0
INFO     Новая запись в файле сделана
INFO     Пройдено циклов: 1
INFO     Новая запись в файле сделана
INFO     Пройдено циклов: 2
INFO     Новая запись в файле сделана
INFO     Пройдено циклов: 3
INFO     Новая запись в файле сделана
INFO     Пройдено циклов: 4
INFO     Новая запись в файле сделана
INFO     Пройдено циклов: 5
INFO     Новая запись в файле сделана
INFO     Пройдено циклов: 6
INFO     Новая запись в файле сделана
INFO     Пройдено циклов: 7
INFO     Новая запись в файле сделана
INFO     Пройдено циклов: 8
INFO     Новая запись в файле сделана
INFO     Пройдено циклов: 9
INFO     Новая запись в файле сделана
INFO     Пройдено циклов: 10
INFO     Переходим на другого бота
INFO     BCH Click Bot
INFO     Пройдено циклов: 0
INFO     Новая запись в файле сделана
INFO     Пройдено циклов: 1
INFO     Новая запись в файле сделана
INFO     Пройдено циклов: 2
INFO     Новая запись в файле сделана
INFO     Пройдено циклов: 3
INFO     Новая запись в файле сделана
INFO     Пройдено циклов: 4
INFO     Новая запись в файле сделана
INFO     Пройдено циклов: 5
INFO     Новая запись в файле сделана
INFO     Пройдено циклов: 6
INFO     Новая запись в файле сделана
INFO     Пройдено циклов: 7
INFO     Новая запись в файле сделана
INFO     Пройдено циклов: 8
INFO     Новая запись в файле сделана
INFO     Пройдено циклов: 9
INFO     Новая запись в файле сделана
INFO     Пройдено циклов: 10
INFO     Переходим на другого бота
INFO     DOGE Click Bot
INFO     Пройдено циклов: 0
INFO     Новая запись в файле сделана
INFO     Пройдено циклов: 1
INFO     Новая запись в файле сделана
INFO     Пройдено циклов: 2
INFO     Новая запись в файле сделана
INFO     Пройдено циклов: 3
INFO     Новая запись в файле сделана
INFO     Пройдено циклов: 4
INFO     Новая запись в файле сделана
INFO     Пройдено циклов: 5
INFO     Новая запись в файле сделана
INFO     Пройдено циклов: 6
INFO     Новая запись в файле сделана
INFO     Пройдено циклов: 7
INFO     Новая запись в файле сделана
INFO     Пройдено циклов: 8
INFO     Новая запись в файле сделана
INFO     Пройдено циклов: 9
INFO     Новая запись в файле сделана
INFO     Пройдено циклов: 10
INFO     Переходим на другого бота
INFO     Входим в аккаунт: +79819809142
INFO     Входим в аккаунт: +79819809142
INFO     Proxy 5.3.4.9:10021
INFO     Proxy 5.3.4.9:10021
INFO     Входим в аккаунт: +79819809142
INFO     Proxy 216.144.228.130:15378
INFO     Входим в аккаунт: +79819809142
INFO     Proxy 89.191.234.15:5555
INFO     Входим в аккаунт: +79819809142
INFO     Proxy 13.53.199.245:20071
INFO     LTC Click Bot
INFO     Пройдено циклов: 0
INFO     Новая запись в файле сделана
INFO     Пройдено циклов: 1
INFO     Новая запись в файле сделана
INFO     Пройдено циклов: 2
INFO     Новая запись в файле сделана
INFO     Пройдено циклов: 3
INFO     Новая запись в файле сделана
INFO     Пройдено циклов: 4
INFO     Новая запись в файле сделана
INFO     Пройдено циклов: 5
INFO     Новая запись в файле сделана
INFO     Пройдено циклов: 6
INFO     Новая запись в файле сделана
INFO     Пройдено циклов: 7
INFO     Новая запись в файле сделана
INFO     Пройдено циклов: 8
INFO     Найдено reward
INFO     Ждать придется: 20
INFO     Перехожу по ссылке
INFO     Пройдено циклов: 8
INFO     Новая запись в файле сделана
INFO     Пройдено циклов: 9
INFO     Новая запись в файле сделана
INFO     Пройдено циклов: 10
INFO     Переходим на другого бота
INFO     BTC Click Bot
INFO     Пройдено циклов: 0
INFO     Новая запись в файле сделана
INFO     Пройдено циклов: 1
INFO     Новая запись в файле сделана
INFO     Пройдено циклов: 2
INFO     Новая запись в файле сделана
INFO     Пройдено циклов: 3
INFO     Новая запись в файле сделана
INFO     Пройдено циклов: 4
INFO     Новая запись в файле сделана
INFO     Пройдено циклов: 5
INFO     Новая запись в файле сделана
INFO     Пройдено циклов: 6
INFO     Новая запись в файле сделана
INFO     Пройдено циклов: 7
INFO     Новая запись в файле сделана
INFO     Пройдено циклов: 8
INFO     Новая запись в файле сделана
INFO     Пройдено циклов: 9
INFO     Новая запись в файле сделана
INFO     Пройдено циклов: 10
INFO     Переходим на другого бота
INFO     ZEC Click Bot
INFO     Пройдено циклов: 0
INFO     Новая запись в файле сделана
INFO     Пройдено циклов: 1
INFO     Новая запись в файле сделана
INFO     Пройдено циклов: 2
INFO     Новая запись в файле сделана
INFO     Пройдено циклов: 3
INFO     Новая запись в файле сделана
INFO     Пройдено циклов: 4
INFO     Новая запись в файле сделана
INFO     Пройдено циклов: 5
INFO     Новая запись в файле сделана
INFO     Пройдено циклов: 6
INFO     Новая запись в файле сделана
INFO     Пройдено циклов: 7
INFO     Новая запись в файле сделана
INFO     Пройдено циклов: 8
INFO     Новая запись в файле сделана
INFO     Пройдено циклов: 9
INFO     Новая запись в файле сделана
INFO     Пройдено циклов: 10
INFO     Переходим на другого бота
INFO     BCH Click Bot
INFO     Пройдено циклов: 0
INFO     Новая запись в файле сделана
INFO     Пройдено циклов: 1
INFO     Новая запись в файле сделана
INFO     Пройдено циклов: 2
INFO     Новая запись в файле сделана
INFO     Пройдено циклов: 3
INFO     Новая запись в файле сделана
INFO     Пройдено циклов: 4
INFO     Новая запись в файле сделана
INFO     Пройдено циклов: 5
INFO     Новая запись в файле сделана
INFO     Пройдено циклов: 6
INFO     Новая запись в файле сделана
INFO     Пройдено циклов: 7
INFO     Новая запись в файле сделана
INFO     Пройдено циклов: 8
INFO     Новая запись в файле сделана
INFO     Пройдено циклов: 9
INFO     Новая запись в файле сделана
INFO     Пройдено циклов: 10
INFO     Переходим на другого бота
INFO     DOGE Click Bot
INFO     Пройдено циклов: 0
INFO     Новая запись в файле сделана
INFO     Пройдено циклов: 1
INFO     Новая запись в файле сделана
INFO     Пройдено циклов: 2
INFO     Новая запись в файле сделана
INFO     Пройдено циклов: 3
INFO     Новая запись в файле сделана
INFO     Пройдено циклов: 4
INFO     Новая запись в файле сделана
INFO     Пройдено циклов: 5
INFO     Новая запись в файле сделана
INFO     Пройдено циклов: 6
INFO     Новая запись в файле сделана
INFO     Пройдено циклов: 7
INFO     Новая запись в файле сделана
INFO     Пройдено циклов: 8
INFO     Новая запись в файле сделана
INFO     Пройдено циклов: 9
INFO     Новая запись в файле сделана
INFO     Пройдено циклов: 10
INFO     Переходим на другого бота
INFO     Wait
INFO     Входим в аккаунт: +79819809142
INFO     Входим в аккаунт: +79819809142
INFO     Proxy 89.191.234.15:5555
INFO     Proxy 89.191.234.15:5555
INFO     Входим в аккаунт: +79819809142
INFO     Proxy 193.242.151.221:3327
INFO     LTC Click Bot
INFO     Пройдено циклов: 0
INFO     Новая запись в файле сделана
INFO     Пройдено циклов: 1
INFO     Новая запись в файле сделана
INFO     Пройдено циклов: 2
INFO     Новая запись в файле сделана
INFO     Пройдено циклов: 3
INFO     Новая запись в файле сделана
INFO     Пройдено циклов: 4
INFO     Новая запись в файле сделана
INFO     Пройдено циклов: 5
INFO     Новая запись в файле сделана
INFO     Пройдено циклов: 6
INFO     Новая запись в файле сделана
INFO     Пройдено циклов: 7
INFO     Новая запись в файле сделана
INFO     Пройдено циклов: 8
INFO     Новая запись в файле сделана
INFO     Пройдено циклов: 9
INFO     Новая запись в файле сделана
INFO     Пройдено циклов: 10
INFO     Переходим на другого бота
INFO     BTC Click Bot
INFO     Пройдено циклов: 0
INFO     Новая запись в файле сделана
INFO     Пройдено циклов: 1
INFO     Новая запись в файле сделана
INFO     Пройдено циклов: 2
INFO     Новая запись в файле сделана
INFO     Пройдено циклов: 3
INFO     Новая запись в файле сделана
INFO     Пройдено циклов: 4
INFO     Новая запись в файле сделана
INFO     Пройдено циклов: 5
INFO     Новая запись в файле сделана
INFO     Пройдено циклов: 6
INFO     Новая запись в файле сделана
INFO     Пройдено циклов: 7
INFO     Новая запись в файле сделана
INFO     Пройдено циклов: 8
INFO     Новая запись в файле сделана
INFO     Пройдено циклов: 9
INFO     Новая запись в файле сделана
INFO     Пройдено циклов: 10
INFO     Переходим на другого бота
INFO     ZEC Click Bot
INFO     Пройдено циклов: 0
INFO     Новая запись в файле сделана
INFO     Пройдено циклов: 1
INFO     Новая запись в файле сделана
INFO     Пройдено циклов: 2
INFO     Новая запись в файле сделана
INFO     Пройдено циклов: 3
INFO     Новая запись в файле сделана
INFO     Пройдено циклов: 4
INFO     Новая запись в файле сделана
INFO     Пройдено циклов: 5
INFO     Новая запись в файле сделана
INFO     Пройдено циклов: 6
INFO     Новая запись в файле сделана
INFO     Пройдено циклов: 7
INFO     Новая запись в файле сделана
INFO     Пройдено циклов: 8
INFO     Новая запись в файле сделана
INFO     Пройдено циклов: 9
INFO     Новая запись в файле сделана
INFO     Пройдено циклов: 10
INFO     Переходим на другого бота
INFO     BCH Click Bot
INFO     Пройдено циклов: 0
INFO     Новая запись в файле сделана
INFO     Пройдено циклов: 1
INFO     Новая запись в файле сделана
INFO     Пройдено циклов: 2
INFO     Новая запись в файле сделана
INFO     Пройдено циклов: 3
INFO     Новая запись в файле сделана
INFO     Пройдено циклов: 4
INFO     Новая запись в файле сделана
INFO     Пройдено циклов: 5
INFO     Новая запись в файле сделана
INFO     Пройдено циклов: 6
INFO     Новая запись в файле сделана
INFO     Пройдено циклов: 7
INFO     Новая запись в файле сделана
INFO     Пройдено циклов: 8
INFO     Новая запись в файле сделана
INFO     Пройдено циклов: 9
INFO     Новая запись в файле сделана
INFO     Пройдено циклов: 10
INFO     Переходим на другого бота
INFO     DOGE Click Bot
INFO     Пройдено циклов: 0
INFO     Новая запись в файле сделана
INFO     Пройдено циклов: 1
INFO     Новая запись в файле сделана
INFO     Пройдено циклов: 2
INFO     Новая запись в файле сделана
INFO     Пройдено циклов: 3
INFO     Новая запись в файле сделана
INFO     Пройдено циклов: 4
INFO     Новая запись в файле сделана
INFO     Пройдено циклов: 5
INFO     Новая запись в файле сделана
INFO     Пройдено циклов: 6
INFO     Новая запись в файле сделана
INFO     Пройдено циклов: 7
INFO     Новая запись в файле сделана
INFO     Пройдено циклов: 8
INFO     Новая запись в файле сделана
INFO     Пройдено циклов: 9
INFO     Новая запись в файле сделана
INFO     Пройдено циклов: 10
INFO     Переходим на другого бота
INFO     Wait
INFO     Входим в аккаунт: +79819809142
INFO     Proxy 148.251.178.165:62854
INFO     LTC Click Bot
INFO     Входим в аккаунт: +79819809142
INFO     Proxy 192.162.124.158:1080
INFO     LTC Click Bot
INFO     Пройдено циклов: 0
INFO     Новая запись в файле сделана
INFO     Пройдено циклов: 1
INFO     Новая запись в файле сделана
INFO     Пройдено циклов: 2
INFO     Новая запись в файле сделана
INFO     Пройдено циклов: 3
INFO     Новая запись в файле сделана
INFO     Пройдено циклов: 4
INFO     Новая запись в файле сделана
INFO     Пройдено циклов: 5
INFO     Новая запись в файле сделана
INFO     Пройдено циклов: 6
INFO     Новая запись в файле сделана
INFO     Пройдено циклов: 7
INFO     Новая запись в файле сделана
INFO     Пройдено циклов: 8
INFO     Новая запись в файле сделана
INFO     Пройдено циклов: 9
INFO     Новая запись в файле сделана
INFO     Пройдено циклов: 10
INFO     Переходим на другого бота
INFO     BTC Click Bot
INFO     Пройдено циклов: 0
INFO     Новая запись в файле сделана
INFO     Пройдено циклов: 1
INFO     Новая запись в файле сделана
INFO     Пройдено циклов: 2
INFO     Новая запись в файле сделана
INFO     Пройдено циклов: 3
INFO     Новая запись в файле сделана
INFO     Пройдено циклов: 4
INFO     Новая запись в файле сделана
INFO     Пройдено циклов: 5
INFO     Новая запись в файле сделана
INFO     Пройдено циклов: 6
INFO     Новая запись в файле сделана
INFO     Пройдено циклов: 7
INFO     Новая запись в файле сделана
INFO     Пройдено циклов: 8
INFO     Новая запись в файле сделана
INFO     Пройдено циклов: 9
INFO     Новая запись в файле сделана
INFO     Пройдено циклов: 10
INFO     Переходим на другого бота
INFO     ZEC Click Bot
INFO     Пройдено циклов: 0
INFO     Новая запись в файле сделана
INFO     Пройдено циклов: 1
INFO     Новая запись в файле сделана
INFO     Пройдено циклов: 2
INFO     Новая запись в файле сделана
INFO     Пройдено циклов: 3
INFO     Новая запись в файле сделана
INFO     Пройдено циклов: 4
INFO     Новая запись в файле сделана
INFO     Пройдено циклов: 5
INFO     Новая запись в файле сделана
INFO     Пройдено циклов: 6
INFO     Новая запись в файле сделана
INFO     Пройдено циклов: 7
INFO     Новая запись в файле сделана
INFO     Пройдено циклов: 8
INFO     Новая запись в файле сделана
INFO     Пройдено циклов: 9
INFO     Новая запись в файле сделана
INFO     Пройдено циклов: 10
INFO     Переходим на другого бота
INFO     BCH Click Bot
INFO     Пройдено циклов: 0
INFO     Новая запись в файле сделана
INFO     Пройдено циклов: 1
INFO     Новая запись в файле сделана
INFO     Пройдено циклов: 2
INFO     Новая запись в файле сделана
INFO     Пройдено циклов: 3
INFO     Новая запись в файле сделана
INFO     Пройдено циклов: 4
INFO     Новая запись в файле сделана
INFO     Пройдено циклов: 5
INFO     Новая запись в файле сделана
INFO     Пройдено циклов: 6
INFO     Новая запись в файле сделана
INFO     Пройдено циклов: 7
INFO     Новая запись в файле сделана
INFO     Пройдено циклов: 8
INFO     Новая запись в файле сделана
INFO     Пройдено циклов: 9
INFO     Новая запись в файле сделана
INFO     Пройдено циклов: 10
INFO     Переходим на другого бота
INFO     DOGE Click Bot
INFO     Пройдено циклов: 0
INFO     Новая запись в файле сделана
INFO     Пройдено циклов: 1
INFO     Новая запись в файле сделана
INFO     Пройдено циклов: 2
INFO     Новая запись в файле сделана
INFO     Пройдено циклов: 3
INFO     Новая запись в файле сделана
INFO     Пройдено циклов: 4
INFO     Новая запись в файле сделана
INFO     Пройдено циклов: 5
INFO     Новая запись в файле сделана
INFO     Пройдено циклов: 6
INFO     Новая запись в файле сделана
INFO     Пройдено циклов: 7
INFO     Новая запись в файле сделана
INFO     Пройдено циклов: 8
INFO     Новая запись в файле сделана
INFO     Пройдено циклов: 9
INFO     Новая запись в файле сделана
INFO     Пройдено циклов: 10
INFO     Переходим на другого бота
INFO     Wait
INFO     Входим в аккаунт: +79819809142
INFO     Proxy 193.242.151.221:3327
INFO     Входим в аккаунт: +79819809142
INFO     Proxy 5.3.4.9:10021
INFO     LTC Click Bot
INFO     Пройдено циклов: 0
INFO     Новая запись в файле сделана
INFO     Пройдено циклов: 1
INFO     Новая запись в файле сделана
INFO     Пройдено циклов: 2
INFO     Новая запись в файле сделана
INFO     Пройдено циклов: 3
INFO     Новая запись в файле сделана
INFO     Пройдено циклов: 4
INFO     Новая запись в файле сделана
INFO     Пройдено циклов: 5
INFO     Новая запись в файле сделана
INFO     Пройдено циклов: 6
INFO     Новая запись в файле сделана
INFO     Пройдено циклов: 7
INFO     Новая запись в файле сделана
INFO     Пройдено циклов: 8
INFO     Новая запись в файле сделана
INFO     Пройдено циклов: 9
INFO     Новая запись в файле сделана
INFO     Пройдено циклов: 10
INFO     Переходим на другого бота
INFO     BTC Click Bot
INFO     Пройдено циклов: 0
INFO     Новая запись в файле сделана
INFO     Пройдено циклов: 1
INFO     Новая запись в файле сделана
INFO     Пройдено циклов: 2
INFO     Новая запись в файле сделана
INFO     Пройдено циклов: 3
INFO     Новая запись в файле сделана
INFO     Пройдено циклов: 4
INFO     Новая запись в файле сделана
INFO     Пройдено циклов: 5
INFO     Новая запись в файле сделана
INFO     Пройдено циклов: 6
INFO     Новая запись в файле сделана
INFO     Пройдено циклов: 7
INFO     Новая запись в файле сделана
INFO     Пройдено циклов: 8
INFO     Новая запись в файле сделана
INFO     Пройдено циклов: 9
INFO     Новая запись в файле сделана
INFO     Пройдено циклов: 10
INFO     Переходим на другого бота
INFO     ZEC Click Bot
INFO     Пройдено циклов: 0
INFO     Новая запись в файле сделана
INFO     Пройдено циклов: 1
INFO     Новая запись в файле сделана
INFO     Пройдено циклов: 2
INFO     Новая запись в файле сделана
INFO     Пройдено циклов: 3
INFO     Новая запись в файле сделана
INFO     Пройдено циклов: 4
INFO     Новая запись в файле сделана
INFO     Пройдено циклов: 5
INFO     Новая запись в файле сделана
INFO     Пройдено циклов: 6
INFO     Новая запись в файле сделана
INFO     Входим в аккаунт: +79819809142
INFO     Proxy 89.191.234.15:5555
INFO     Входим в аккаунт: +79819809142
INFO     Proxy 89.191.234.15:5555
INFO     Входим в аккаунт: +79819809142
INFO     Proxy 148.251.178.165:62854
INFO     LTC Click Bot
INFO     Пройдено циклов: 0
INFO     Новая запись в файле сделана
INFO     Пройдено циклов: 1
INFO     Новая запись в файле сделана
INFO     Пройдено циклов: 2
INFO     Новая запись в файле сделана
INFO     Пройдено циклов: 3
INFO     Новая запись в файле сделана
INFO     Пройдено циклов: 4
INFO     Найдено reward
INFO     Ждать придется: 10
INFO     Перехожу по ссылке
INFO     Пройдено циклов: 4
INFO     Новая запись в файле сделана
INFO     Пройдено циклов: 5
INFO     Новая запись в файле сделана
INFO     Пройдено циклов: 6
INFO     Новая запись в файле сделана
INFO     Пройдено циклов: 7
INFO     Новая запись в файле сделана
INFO     Пройдено циклов: 8
INFO     Новая запись в файле сделана
INFO     Пройдено циклов: 9
INFO     Новая запись в файле сделана
INFO     Пройдено циклов: 10
INFO     Переходим на другого бота
INFO     Wait
INFO     LTC Click Bot
INFO     Пройдено циклов: 0
INFO     Новая запись в файле сделана
INFO     Пройдено циклов: 1
INFO     Новая запись в файле сделана
INFO     Пройдено циклов: 2
INFO     Новая запись в файле сделана
INFO     Пройдено циклов: 3
INFO     Новая запись в файле сделана
INFO     Пройдено циклов: 4
INFO     Новая запись в файле сделана
INFO     Пройдено циклов: 5
INFO     Новая запись в файле сделана
INFO     Пройдено циклов: 6
INFO     Новая запись в файле сделана
INFO     Пройдено циклов: 7
INFO     Новая запись в файле сделана
INFO     Пройдено циклов: 8
INFO     Новая запись в файле сделана
INFO     Пройдено циклов: 9
INFO     Новая запись в файле сделана
INFO     Пройдено циклов: 10
INFO     Переходим на другого бота
INFO     Wait
INFO     LTC Click Bot
INFO     Пройдено циклов: 0
INFO     Новая запись в файле сделана
INFO     Пройдено циклов: 1
INFO     Новая запись в файле сделана
INFO     Пройдено циклов: 2
INFO     Новая запись в файле сделана
INFO     Пройдено циклов: 3
INFO     Новая запись в файле сделана
INFO     Пройдено циклов: 4
INFO     Новая запись в файле сделана
INFO     Пройдено циклов: 5
INFO     Новая запись в файле сделана
INFO     Пройдено циклов: 6
INFO     Новая запись в файле сделана
INFO     Пройдено циклов: 7
INFO     Новая запись в файле сделана
INFO     Пройдено циклов: 8
INFO     Новая запись в файле сделана
INFO     Пройдено циклов: 9
INFO     Новая запись в файле сделана
INFO     Пройдено циклов: 10
INFO     Переходим на другого бота
INFO     Wait
INFO     LTC Click Bot
INFO     Пройдено циклов: 0
INFO     Новая запись в файле сделана
INFO     Пройдено циклов: 1
INFO     Найдено reward
INFO     Ждать придется: 11
INFO     Перехожу по ссылке
INFO     Пройдено циклов: 1
INFO     Новая запись в файле сделана
INFO     Пройдено циклов: 2
INFO     Найдено reward
INFO     Ждать придется: 15
INFO     Перехожу по ссылке
INFO     Пройдено циклов: 2
INFO     Новая запись в файле сделана
INFO     Пройдено циклов: 3
INFO     Новая запись в файле сделана
INFO     Пройдено циклов: 4
INFO     Новая запись в файле сделана
INFO     Пройдено циклов: 5
INFO     Новая запись в файле сделана
INFO     Пройдено циклов: 6
INFO     Найдено reward
INFO     Ждать придется: 10
INFO     Перехожу по ссылке
INFO     Пройдено циклов: 6
INFO     Новая запись в файле сделана
INFO     Пройдено циклов: 7
INFO     Новая запись в файле сделана
INFO     Пройдено циклов: 8
INFO     Новая запись в файле сделана
INFO     Пройдено циклов: 9
INFO     Новая запись в файле сделана
INFO     Пройдено циклов: 10
INFO     Переходим на другого бота
INFO     Wait
INFO     Входим в аккаунт: +79819809142
INFO     Proxy 216.144.228.130:15378
INFO     Входим в аккаунт: +79819809142
INFO     Proxy 193.242.151.221:3327
INFO     LTC Click Bot
INFO     Пройдено циклов: 0
INFO     Новая запись в файле сделана
INFO     Пройдено циклов: 1
INFO     Найдено reward
INFO     Ждать придется: 10
INFO     Перехожу по ссылке
INFO     Пройдено циклов: 1
INFO     Новая запись в файле сделана
INFO     Пройдено циклов: 2
INFO     Новая запись в файле сделана
INFO     Пройдено циклов: 3
INFO     Пройдено циклов: 4
INFO     Новая запись в файле сделана
INFO     Пройдено циклов: 5
INFO     Новая запись в файле сделана
INFO     Пройдено циклов: 6
INFO     Новая запись в файле сделана
INFO     Пройдено циклов: 7
INFO     Новая запись в файле сделана
INFO     Пройдено циклов: 8
INFO     Новая запись в файле сделана
INFO     Пройдено циклов: 9
INFO     Новая запись в файле сделана
INFO     Пройдено циклов: 10
INFO     Переходим на другого бота
INFO     Wait
INFO     Входим в аккаунт: +79819809142
INFO     Proxy 89.18.136.217:8001
INFO     LTC Click Bot
INFO     Пройдено циклов: 0
INFO     Новая запись в файле сделана
INFO     Пройдено циклов: 1
INFO     Новая запись в файле сделана
INFO     Пройдено циклов: 2
INFO     Новая запись в файле сделана
INFO     Пройдено циклов: 3
INFO     Новая запись в файле сделана
INFO     Пройдено циклов: 4
INFO     Новая запись в файле сделана
INFO     Пройдено циклов: 5
INFO     Новая запись в файле сделана
INFO     Пройдено циклов: 6
INFO     Новая запись в файле сделана
INFO     Пройдено циклов: 7
INFO     Новая запись в файле сделана
INFO     Пройдено циклов: 8
INFO     Новая запись в файле сделана
INFO     Пройдено циклов: 9
INFO     Новая запись в файле сделана
INFO     Пройдено циклов: 10
INFO     Новая запись в файле сделана
INFO     Пройдено циклов: 11
INFO     Новая запись в файле сделана
INFO     Пройдено циклов: 12
INFO     Новая запись в файле сделана
INFO     Пройдено циклов: 13
INFO     Новая запись в файле сделана
INFO     Пройдено циклов: 14
INFO     Новая запись в файле сделана
INFO     Пройдено циклов: 15
INFO     Новая запись в файле сделана
INFO     Пройдено циклов: 16
INFO     Новая запись в файле сделана
INFO     Пройдено циклов: 17
INFO     Новая запись в файле сделана
INFO     Пройдено циклов: 18
INFO     Новая запись в файле сделана
INFO     Пройдено циклов: 19
INFO     Новая запись в файле сделана
INFO     Пройдено циклов: 20
INFO     Переходим на другого бота
INFO     Wait
INFO     Входим в аккаунт: +79819809142
INFO     Proxy 13.53.199.245:20071
INFO     Входим в аккаунт: +79819809142
INFO     Proxy 13.53.199.245:20071
INFO     Входим в аккаунт: +79819809142
INFO     Proxy 192.162.124.158:1080
INFO     LTC Click Bot
INFO     Пройдено циклов: 0
INFO     Новая запись в файле сделана
INFO     Пройдено циклов: 1
INFO     Найдено reward
INFO     Ждать придется: 20
INFO     Перехожу по ссылке
INFO     Пройдено циклов: 1
INFO     Новая запись в файле сделана
INFO     Пройдено циклов: 2
INFO     Новая запись в файле сделана
INFO     Пройдено циклов: 3
INFO     Новая запись в файле сделана
INFO     Пройдено циклов: 4
INFO     Новая запись в файле сделана
INFO     Пройдено циклов: 5
INFO     Новая запись в файле сделана
INFO     Пройдено циклов: 6
INFO     Новая запись в файле сделана
INFO     Пройдено циклов: 7
INFO     Новая запись в файле сделана
INFO     Пройдено циклов: 8
INFO     Новая запись в файле сделана
INFO     Пройдено циклов: 9
INFO     Новая запись в файле сделана
INFO     Пройдено циклов: 10
INFO     Новая запись в файле сделана
INFO     Пройдено циклов: 11
INFO     Новая запись в файле сделана
INFO     Пройдено циклов: 12
INFO     Новая запись в файле сделана
INFO     Пройдено циклов: 13
INFO     Новая запись в файле сделана
INFO     Пройдено циклов: 14
INFO     Новая запись в файле сделана
INFO     Пройдено циклов: 15
INFO     Новая запись в файле сделана
INFO     Пройдено циклов: 16
INFO     Новая запись в файле сделана
INFO     Пройдено циклов: 17
INFO     Новая запись в файле сделана
INFO     Пройдено циклов: 18
INFO     Новая запись в файле сделана
INFO     Пройдено циклов: 19
INFO     Новая запись в файле сделана
INFO     Пройдено циклов: 20
INFO     Новая запись в файле сделана
INFO     Пройдено циклов: 21
INFO     Новая запись в файле сделана
INFO     Пройдено циклов: 22
INFO     Новая запись в файле сделана
INFO     Пройдено циклов: 23
INFO     Новая запись в файле сделана
INFO     Пройдено циклов: 24
INFO     Новая запись в файле сделана
INFO     Пройдено циклов: 25
INFO     Новая запись в файле сделана
INFO     Пройдено циклов: 26
INFO     Новая запись в файле сделана
INFO     Пройдено циклов: 27
INFO     Новая запись в файле сделана
INFO     Пройдено циклов: 28
INFO     Новая запись в файле сделана
INFO     Пройдено циклов: 29
INFO     Новая запись в файле сделана
INFO     Пройдено циклов: 30
INFO     Переходим на другого бота
INFO     №5, Wait
INFO     LTC Click Bot
INFO     Пройдено циклов: 0
INFO     Новая запись в файле сделана
INFO     Пройдено циклов: 1
INFO     Новая запись в файле сделана
INFO     Пройдено циклов: 2
INFO     Новая запись в файле сделана
INFO     Пройдено циклов: 3
INFO     Новая запись в файле сделана
INFO     Пройдено циклов: 4
INFO     Новая запись в файле сделана
INFO     Пройдено циклов: 5
INFO     Новая запись в файле сделана
INFO     Пройдено циклов: 6
INFO     Новая запись в файле сделана
INFO     Пройдено циклов: 7
INFO     Новая запись в файле сделана
INFO     Пройдено циклов: 8
INFO     Новая запись в файле сделана
INFO     Пройдено циклов: 9
INFO     Новая запись в файле сделана
INFO     Пройдено циклов: 10
INFO     Новая запись в файле сделана
INFO     Пройдено циклов: 11
INFO     Новая запись в файле сделана
INFO     Пройдено циклов: 12
INFO     Новая запись в файле сделана
INFO     Пройдено циклов: 13
INFO     Новая запись в файле сделана
INFO     Пройдено циклов: 14
INFO     Новая запись в файле сделана
INFO     Пройдено циклов: 15
INFO     Новая запись в файле сделана
INFO     Пройдено циклов: 16
INFO     Новая запись в файле сделана
INFO     Пройдено циклов: 17
INFO     Новая запись в файле сделана
INFO     Пройдено циклов: 18
INFO     Новая запись в файле сделана
INFO     Пройдено циклов: 19
INFO     Новая запись в файле сделана
INFO     Пройдено циклов: 20
INFO     Новая запись в файле сделана
INFO     Пройдено циклов: 21
INFO     Новая запись в файле сделана
INFO     Пройдено циклов: 22
INFO     Новая запись в файле сделана
INFO     Пройдено циклов: 23
INFO     Новая запись в файле сделана
INFO     Пройдено циклов: 24
INFO     Новая запись в файле сделана
INFO     Пройдено циклов: 25
INFO     Новая запись в файле сделана
INFO     Пройдено циклов: 26
INFO     Новая запись в файле сделана
INFO     Пройдено циклов: 27
INFO     Новая запись в файле сделана
INFO     Пройдено циклов: 28
INFO     Новая запись в файле сделана
INFO     Пройдено циклов: 29
INFO     Новая запись в файле сделана
INFO     Пройдено циклов: 30
INFO     Переходим на другого бота
INFO     №5, Wait
INFO     LTC Click Bot
INFO     Пройдено циклов: 0
INFO     Новая запись в файле сделана
INFO     Пройдено циклов: 1
INFO     Новая запись в файле сделана
INFO     Пройдено циклов: 2
INFO     Новая запись в файле сделана
INFO     Пройдено циклов: 3
INFO     Новая запись в файле сделана
INFO     Пройдено циклов: 4
INFO     Новая запись в файле сделана
INFO     Пройдено циклов: 5
INFO     Новая запись в файле сделана
INFO     Пройдено циклов: 6
INFO     Новая запись в файле сделана
INFO     Пройдено циклов: 7
INFO     Новая запись в файле сделана
INFO     Пройдено циклов: 8
INFO     Новая запись в файле сделана
INFO     Пройдено циклов: 9
INFO     Новая запись в файле сделана
INFO     Пройдено циклов: 10
INFO     Новая запись в файле сделана
INFO     Пройдено циклов: 11
INFO     Новая запись в файле сделана
INFO     Пройдено циклов: 12
INFO     Новая запись в файле сделана
INFO     Пройдено циклов: 13
INFO     Найдено reward
INFO     Ждать придется: 10
INFO     Перехожу по ссылке
INFO     Пройдено циклов: 13
INFO     Новая запись в файле сделана
INFO     Пройдено циклов: 14
INFO     Новая запись в файле сделана
INFO     Пройдено циклов: 15
INFO     Новая запись в файле сделана
INFO     Пройдено циклов: 16
INFO     Новая запись в файле сделана
INFO     Пройдено циклов: 17
INFO     Новая запись в файле сделана
INFO     Пройдено циклов: 18
INFO     Новая запись в файле сделана
INFO     Пройдено циклов: 19
INFO     Новая запись в файле сделана
INFO     Пройдено циклов: 20
INFO     Новая запись в файле сделана
INFO     Пройдено циклов: 21
INFO     Новая запись в файле сделана
INFO     Пройдено циклов: 22
INFO     Новая запись в файле сделана
INFO     Пройдено циклов: 23
INFO     Новая запись в файле сделана
INFO     Пройдено циклов: 24
INFO     Новая запись в файле сделана
INFO     Пройдено циклов: 25
INFO     Новая запись в файле сделана
INFO     Пройдено циклов: 26
INFO     Новая запись в файле сделана
INFO     Пройдено циклов: 27
INFO     Новая запись в файле сделана
INFO     Пройдено циклов: 28
INFO     Новая запись в файле сделана
INFO     Пройдено циклов: 29
INFO     Новая запись в файле сделана
INFO     Пройдено циклов: 30
INFO     Переходим на другого бота
INFO     №5, Wait
INFO     LTC Click Bot
INFO     Пройдено циклов: 0
INFO     Новая запись в файле сделана
INFO     Пройдено циклов: 1
INFO     Новая запись в файле сделана
INFO     Пройдено циклов: 2
INFO     Новая запись в файле сделана
INFO     Пройдено циклов: 3
INFO     Новая запись в файле сделана
INFO     Пройдено циклов: 4
INFO     Новая запись в файле сделана
INFO     Пройдено циклов: 5
INFO     Новая запись в файле сделана
INFO     Пройдено циклов: 6
INFO     Новая запись в файле сделана
INFO     Пройдено циклов: 7
INFO     Новая запись в файле сделана
INFO     Пройдено циклов: 8
INFO     Новая запись в файле сделана
INFO     Пройдено циклов: 9
INFO     Новая запись в файле сделана
INFO     Пройдено циклов: 10
INFO     Новая запись в файле сделана
INFO     Пройдено циклов: 11
INFO     Новая запись в файле сделана
INFO     Пройдено циклов: 12
INFO     Новая запись в файле сделана
INFO     Пройдено циклов: 13
INFO     Новая запись в файле сделана
INFO     Пройдено циклов: 14
INFO     Новая запись в файле сделана
INFO     Пройдено циклов: 15
INFO     Новая запись в файле сделана
INFO     Пройдено циклов: 16
INFO     Новая запись в файле сделана
INFO     Пройдено циклов: 17
INFO     Новая запись в файле сделана
INFO     Пройдено циклов: 18
INFO     Новая запись в файле сделана
INFO     Пройдено циклов: 19
INFO     Новая запись в файле сделана
INFO     Пройдено циклов: 20
INFO     Новая запись в файле сделана
INFO     Пройдено циклов: 21
INFO     Новая запись в файле сделана
INFO     Пройдено циклов: 22
INFO     Новая запись в файле сделана
INFO     Пройдено циклов: 23
INFO     Новая запись в файле сделана
INFO     Пройдено циклов: 24
INFO     Новая запись в файле сделана
INFO     Пройдено циклов: 25
INFO     Новая запись в файле сделана
INFO     Пройдено циклов: 26
INFO     Новая запись в файле сделана
INFO     Пройдено циклов: 27
INFO     Новая запись в файле сделана
INFO     Пройдено циклов: 28
INFO     Новая запись в файле сделана
INFO     Пройдено циклов: 29
INFO     Новая запись в файле сделана
INFO     Пройдено циклов: 30
INFO     Переходим на другого бота
INFO     №5, Wait
INFO     LTC Click Bot
INFO     Пройдено циклов: 0
INFO     Новая запись в файле сделана
INFO     Пройдено циклов: 1
INFO     Новая запись в файле сделана
INFO     Пройдено циклов: 2
INFO     Новая запись в файле сделана
INFO     Пройдено циклов: 3
INFO     Найдено reward
INFO     Ждать придется: 35
INFO     Перехожу по ссылке
INFO     Пройдено циклов: 3
INFO     Новая запись в файле сделана
INFO     Пройдено циклов: 4
INFO     Новая запись в файле сделана
INFO     Пройдено циклов: 5
INFO     Новая запись в файле сделана
INFO     Пройдено циклов: 6
INFO     Новая запись в файле сделана
INFO     Пройдено циклов: 7
INFO     Новая запись в файле сделана
INFO     Пройдено циклов: 8
INFO     Новая запись в файле сделана
INFO     Пройдено циклов: 9
INFO     Новая запись в файле сделана
INFO     Пройдено циклов: 10
INFO     Новая запись в файле сделана
INFO     Пройдено циклов: 11
INFO     Новая запись в файле сделана
INFO     Пройдено циклов: 12
INFO     Новая запись в файле сделана
INFO     Пройдено циклов: 13
INFO     Новая запись в файле сделана
INFO     Пройдено циклов: 14
INFO     Новая запись в файле сделана
INFO     Пройдено циклов: 15
INFO     Новая запись в файле сделана
INFO     Пройдено циклов: 16
INFO     Новая запись в файле сделана
INFO     Пройдено циклов: 17
INFO     Новая запись в файле сделана
INFO     Пройдено циклов: 18
INFO     Новая запись в файле сделана
INFO     Пройдено циклов: 19
INFO     Новая запись в файле сделана
INFO     Пройдено циклов: 20
INFO     Новая запись в файле сделана
INFO     Пройдено циклов: 21
INFO     Новая запись в файле сделана
INFO     Пройдено циклов: 22
INFO     Новая запись в файле сделана
INFO     Пройдено циклов: 23
INFO     Новая запись в файле сделана
INFO     Пройдено циклов: 24
INFO     Новая запись в файле сделана
INFO     Пройдено циклов: 25
INFO     Новая запись в файле сделана
INFO     Пройдено циклов: 26
INFO     Новая запись в файле сделана
INFO     Пройдено циклов: 27
INFO     Новая запись в файле сделана
INFO     Пройдено циклов: 28
INFO     Новая запись в файле сделана
INFO     Пройдено циклов: 29
INFO     Новая запись в файле сделана
INFO     Пройдено циклов: 30
INFO     Переходим на другого бота
INFO     №5, Wait
INFO     LTC Click Bot
INFO     Пройдено циклов: 0
INFO     Новая запись в файле сделана
INFO     Пройдено циклов: 1
INFO     Новая запись в файле сделана
INFO     Пройдено циклов: 2
INFO     Новая запись в файле сделана
INFO     Пройдено циклов: 3
INFO     Новая запись в файле сделана
INFO     Пройдено циклов: 4
INFO     Новая запись в файле сделана
INFO     Пройдено циклов: 5
INFO     Новая запись в файле сделана
INFO     Пройдено циклов: 6
INFO     Новая запись в файле сделана
INFO     Пройдено циклов: 7
INFO     Новая запись в файле сделана
INFO     Пройдено циклов: 8
INFO     Новая запись в файле сделана
INFO     Пройдено циклов: 9
INFO     Новая запись в файле сделана
INFO     Пройдено циклов: 10
INFO     Новая запись в файле сделана
INFO     Пройдено циклов: 11
INFO     Новая запись в файле сделана
INFO     Пройдено циклов: 12
INFO     Новая запись в файле сделана
INFO     Пройдено циклов: 13
INFO     Новая запись в файле сделана
INFO     Пройдено циклов: 14
INFO     Новая запись в файле сделана
INFO     Пройдено циклов: 15
INFO     Новая запись в файле сделана
INFO     Пройдено циклов: 16
INFO     Новая запись в файле сделана
INFO     Пройдено циклов: 17
INFO     Новая запись в файле сделана
INFO     Пройдено циклов: 18
INFO     Новая запись в файле сделана
INFO     Пройдено циклов: 19
INFO     Новая запись в файле сделана
INFO     Пройдено циклов: 20
INFO     Новая запись в файле сделана
INFO     Пройдено циклов: 21
INFO     Новая запись в файле сделана
INFO     Пройдено циклов: 22
INFO     Новая запись в файле сделана
INFO     Пройдено циклов: 23
INFO     Новая запись в файле сделана
INFO     Пройдено циклов: 24
INFO     Новая запись в файле сделана
INFO     Пройдено циклов: 25
INFO     Новая запись в файле сделана
INFO     Пройдено циклов: 26
INFO     Новая запись в файле сделана
INFO     Пройдено циклов: 27
INFO     Новая запись в файле сделана
INFO     Пройдено циклов: 28
INFO     Новая запись в файле сделана
INFO     Пройдено циклов: 29
INFO     Новая запись в файле сделана
INFO     Пройдено циклов: 30
INFO     Переходим на другого бота
INFO     №5, Wait
INFO     LTC Click Bot
INFO     Пройдено циклов: 0
INFO     Новая запись в файле сделана
INFO     Пройдено циклов: 1
INFO     Новая запись в файле сделана
INFO     Пройдено циклов: 2
INFO     Новая запись в файле сделана
INFO     Пройдено циклов: 3
INFO     Новая запись в файле сделана
INFO     Пройдено циклов: 4
INFO     Новая запись в файле сделана
INFO     Пройдено циклов: 5
INFO     Новая запись в файле сделана
INFO     Пройдено циклов: 6
INFO     Новая запись в файле сделана
INFO     Пройдено циклов: 7
INFO     Новая запись в файле сделана
INFO     Пройдено циклов: 8
INFO     Новая запись в файле сделана
INFO     Пройдено циклов: 9
INFO     Новая запись в файле сделана
INFO     Пройдено циклов: 10
INFO     Найдено Sorry
INFO     Нет заданий уже: 1 раз
INFO     Пройдено циклов: 10
INFO     Найдено Sorry
INFO     Нет заданий уже: 2 раз
INFO     Пройдено циклов: 10
INFO     Найдено Sorry
INFO     Входим в аккаунт: +79819809142
INFO     Proxy 89.18.136.217:8001
INFO     Failed login account №5
INFO     Входим в аккаунт: +79819809142
INFO     Proxy 193.242.151.221:3327
INFO     Failed login account №5
INFO     Входим в аккаунт: +79819809142
INFO     Proxy 188.120.245.247:12432
INFO     Failed login account №5, name 'dict_db' is not defined
INFO     Входим в аккаунт: +79819809142
INFO     Proxy 193.242.151.221:3327
INFO     LTC Click Bot
INFO     Пройдено циклов: 0
INFO     Новая запись в файле сделана
INFO     Пройдено циклов: 1
INFO     Новая запись в файле сделана
INFO     Пройдено циклов: 2
INFO     Новая запись в файле сделана
INFO     Пройдено циклов: 3
INFO     Новая запись в файле сделана
INFO     Пройдено циклов: 4
INFO     Новая запись в файле сделана
INFO     Пройдено циклов: 5
INFO     Новая запись в файле сделана
INFO     Пройдено циклов: 6
INFO     Новая запись в файле сделана
INFO     Пройдено циклов: 7
INFO     Новая запись в файле сделана
INFO     Пройдено циклов: 8
INFO     Новая запись в файле сделана
INFO     Пройдено циклов: 9
INFO     Новая запись в файле сделана
INFO     Пройдено циклов: 10
INFO     Новая запись в файле сделана
INFO     Пройдено циклов: 11
INFO     Новая запись в файле сделана
INFO     Пройдено циклов: 12
INFO     Новая запись в файле сделана
INFO     Пройдено циклов: 13
INFO     Новая запись в файле сделана
INFO     Пройдено циклов: 14
INFO     Новая запись в файле сделана
INFO     Пройдено циклов: 15
INFO     Новая запись в файле сделана
INFO     Пройдено циклов: 16
INFO     Новая запись в файле сделана
INFO     Пройдено циклов: 17
INFO     Новая запись в файле сделана
INFO     Пройдено циклов: 18
INFO     Новая запись в файле сделана
INFO     Пройдено циклов: 19
INFO     Новая запись в файле сделана
INFO     Пройдено циклов: 20
INFO     Новая запись в файле сделана
INFO     Пройдено циклов: 21
INFO     Новая запись в файле сделана
INFO     Пройдено циклов: 22
INFO     Новая запись в файле сделана
INFO     Пройдено циклов: 23
INFO     Новая запись в файле сделана
INFO     Пройдено циклов: 24
INFO     Новая запись в файле сделана
INFO     Пройдено циклов: 25
INFO     Новая запись в файле сделана
INFO     Пройдено циклов: 26
INFO     Новая запись в файле сделана
INFO     Пройдено циклов: 27
INFO     Новая запись в файле сделана
INFO     Пройдено циклов: 28
INFO     Новая запись в файле сделана
INFO     Пройдено циклов: 29
INFO     Новая запись в файле сделана
INFO     Пройдено циклов: 30
INFO     Переходим на другого бота
INFO     №5, balance - 0.00024113
INFO     №5, Wait
INFO     Входим в аккаунт: +79819809142
INFO     Proxy 85.117.235.141:33885
INFO     Failed login account №5, Connection to Telegram failed 5 time(s)
INFO     Входим в аккаунт: +79819809142
INFO     Proxy 188.120.245.247:12432
INFO     Входим в аккаунт: +79819809142
INFO     Proxy 104.248.63.15:30558
INFO     Входим в аккаунт: +79819809142
INFO     Proxy 148.251.178.165:62854
INFO     Failed login account №5, Connection to Telegram failed 5 time(s)
INFO     Failed login account №5, Connection to Telegram failed 5 time(s)
INFO     Входим в аккаунт: +79819809142
INFO     Proxy 5.45.81.173:14785
INFO     LTC Click Bot
INFO     Пройдено циклов: 0
INFO     Новая запись в файле сделана
INFO     Пройдено циклов: 1
INFO     Новая запись в файле сделана
INFO     Пройдено циклов: 2
INFO     Новая запись в файле сделана
INFO     Пройдено циклов: 3
INFO     Новая запись в файле сделана
INFO     Пройдено циклов: 4
INFO     Новая запись в файле сделана
INFO     Пройдено циклов: 5
INFO     Новая запись в файле сделана
INFO     Пройдено циклов: 6
INFO     Новая запись в файле сделана
INFO     Пройдено циклов: 7
INFO     Новая запись в файле сделана
INFO     Пройдено циклов: 8
INFO     Новая запись в файле сделана
INFO     Пройдено циклов: 9
INFO     Новая запись в файле сделана
INFO     Пройдено циклов: 10
INFO     Новая запись в файле сделана
INFO     Пройдено циклов: 11
INFO     Новая запись в файле сделана
INFO     Пройдено циклов: 12
INFO     Новая запись в файле сделана
INFO     Пройдено циклов: 13
INFO     Новая запись в файле сделана
INFO     Пройдено циклов: 14
INFO     Новая запись в файле сделана
INFO     Пройдено циклов: 15
INFO     Новая запись в файле сделана
INFO     Пройдено циклов: 16
INFO     Новая запись в файле сделана
INFO     Пройдено циклов: 17
INFO     Новая запись в файле сделана
INFO     Пройдено циклов: 18
INFO     Новая запись в файле сделана
INFO     Пройдено циклов: 19
INFO     Новая запись в файле сделана
INFO     Пройдено циклов: 20
INFO     Новая запись в файле сделана
INFO     Пройдено циклов: 21
INFO     Новая запись в файле сделана
INFO     Пройдено циклов: 22
INFO     Новая запись в файле сделана
INFO     Пройдено циклов: 23
INFO     Новая запись в файле сделана
INFO     Пройдено циклов: 24
INFO     Новая запись в файле сделана
INFO     Пройдено циклов: 25
INFO     Новая запись в файле сделана
INFO     Пройдено циклов: 26
INFO     Новая запись в файле сделана
INFO     Пройдено циклов: 27
INFO     Новая запись в файле сделана
INFO     Пройдено циклов: 28
INFO     Новая запись в файле сделана
INFO     Пройдено циклов: 29
INFO     Новая запись в файле сделана
INFO     Пройдено циклов: 30
INFO     Переходим на другого бота
INFO     №5, balance - 0.0002515
INFO     №5, Wait
INFO     Входим в аккаунт: +79819809142
INFO     Proxy 104.248.63.15:30558
INFO     Failed login account №5, Connection to Telegram failed 5 time(s)
INFO     Proxy 5.45.81.173:14785
INFO     LTC Click Bot
INFO     Пройдено циклов: 0
INFO     Новая запись в файле сделана
INFO     Пройдено циклов: 1
INFO     Новая запись в файле сделана
INFO     Пройдено циклов: 2
INFO     Новая запись в файле сделана
INFO     Пройдено циклов: 3
INFO     Новая запись в файле сделана
INFO     Пройдено циклов: 4
INFO     Новая запись в файле сделана
INFO     Пройдено циклов: 5
INFO     Новая запись в файле сделана
INFO     Пройдено циклов: 6
INFO     Новая запись в файле сделана
INFO     Пройдено циклов: 7
INFO     Новая запись в файле сделана
INFO     Пройдено циклов: 8
INFO     Новая запись в файле сделана
INFO     Пройдено циклов: 9
INFO     Новая запись в файле сделана
INFO     Входим в аккаунт: +79819809142
INFO     Proxy 216.144.228.130:15378
INFO     Входим в аккаунт: +79819809142
INFO     Proxy 108.61.197.242:31122
INFO     Входим в аккаунт: +79819809142
INFO     Proxy 188.120.245.247:12432
INFO     Failed login account №5, Connection to Telegram failed 5 time(s)
INFO     Proxy 188.120.245.247:12432
INFO     Failed login account №5, Connection to Telegram failed 5 time(s)
INFO     Входим в аккаунт: +79819809142
INFO     Proxy 148.251.178.165:62854
INFO     LTC Click Bot
INFO     №5, balance - 0.00026761
INFO     Входим в аккаунт: +79819809142
INFO     Proxy 188.120.245.247:12432
INFO     Failed login account №5, Connection to Telegram failed 5 time(s)
INFO     Proxy 192.162.124.158:1080
INFO     LTC Click Bot
INFO     №5, balance - 0.00026761
INFO     Пройдено циклов: 0
INFO     Новая запись в файле сделана
INFO     Пройдено циклов: 1
INFO     Новая запись в файле сделана
INFO     Пройдено циклов: 2
INFO     Новая запись в файле сделана
INFO     Пройдено циклов: 3
INFO     Новая запись в файле сделана
INFO     Пройдено циклов: 4
INFO     Новая запись в файле сделана
INFO     Пройдено циклов: 5
INFO     Новая запись в файле сделана
INFO     Пройдено циклов: 6
INFO     Новая запись в файле сделана
INFO     Пройдено циклов: 7
INFO     Новая запись в файле сделана
INFO     Пройдено циклов: 8
INFO     Новая запись в файле сделана
INFO     Пройдено циклов: 9
INFO     Новая запись в файле сделана
INFO     Пройдено циклов: 10
INFO     Новая запись в файле сделана
INFO     Пройдено циклов: 11
INFO     Новая запись в файле сделана
INFO     Пройдено циклов: 12
INFO     Новая запись в файле сделана
INFO     Пройдено циклов: 13
INFO     Новая запись в файле сделана
INFO     Пройдено циклов: 14
INFO     Новая запись в файле сделана
INFO     Входим в аккаунт: +79819809142
INFO     Proxy 193.242.151.221:3327
INFO     LTC Click Bot
INFO     №5, balance - 0.00027252
INFO     Пройдено циклов: 0
INFO     Новая запись в файле сделана
INFO     Пройдено циклов: 1
INFO     Новая запись в файле сделана
INFO     Пройдено циклов: 2
INFO     Новая запись в файле сделана
INFO     Пройдено циклов: 3
INFO     Новая запись в файле сделана
INFO     Пройдено циклов: 4
INFO     Новая запись в файле сделана
INFO     Пройдено циклов: 5
INFO     Новая запись в файле сделана
INFO     Пройдено циклов: 6
INFO     Новая запись в файле сделана
INFO     Пройдено циклов: 7
INFO     Новая запись в файле сделана
INFO     Пройдено циклов: 8
INFO     Новая запись в файле сделана
INFO     Пройдено циклов: 9
INFO     Новая запись в файле сделана
INFO     Пройдено циклов: 10
INFO     Новая запись в файле сделана
INFO     Пройдено циклов: 11
INFO     Новая запись в файле сделана
INFO     Пройдено циклов: 12
INFO     Новая запись в файле сделана
INFO     Пройдено циклов: 13
INFO     Новая запись в файле сделана
INFO     Пройдено циклов: 14
INFO     Новая запись в файле сделана
INFO     Пройдено циклов: 15
INFO     Новая запись в файле сделана
INFO     Пройдено циклов: 16
INFO     Новая запись в файле сделана
INFO     Пройдено циклов: 17
INFO     Новая запись в файле сделана
INFO     Пройдено циклов: 18
INFO     Новая запись в файле сделана
INFO     Пройдено циклов: 19
INFO     Новая запись в файле сделана
INFO     Пройдено циклов: 20
INFO     Новая запись в файле сделана
INFO     Пройдено циклов: 21
INFO     Новая запись в файле сделана
INFO     Пройдено циклов: 22
INFO     Новая запись в файле сделана
INFO     Пройдено циклов: 23
INFO     Новая запись в файле сделана
INFO     Пройдено циклов: 24
INFO     Новая запись в файле сделана
INFO     Пройдено циклов: 25
INFO     Новая запись в файле сделана
INFO     Пройдено циклов: 26
INFO     Новая запись в файле сделана
INFO     Пройдено циклов: 27
INFO     Новая запись в файле сделана
INFO     Пройдено циклов: 28
INFO     Новая запись в файле сделана
INFO     Пройдено циклов: 29
INFO     Новая запись в файле сделана
INFO     Пройдено циклов: 30
INFO     Переходим на другого бота
INFO     №5, Wait
INFO     Входим в аккаунт: +79819809142
INFO     Proxy 5.45.81.173:14785
INFO     Proxy 193.242.151.221:3327
INFO     LTC Click Bot
INFO     №5, balance - 0.00027252
INFO     Переходим на другого бота
INFO     №5, Wait
INFO     Входим в аккаунт: +79819809142
INFO     Proxy 89.18.136.217:8001
INFO     Proxy 89.191.234.15:5555
INFO     Proxy 13.53.199.245:20071
INFO     Proxy 5.45.81.173:14785
INFO     Proxy 173.44.37.82:1080
INFO     LTC Click Bot
INFO     №5, balance - 0.0003008
INFO     Входим в аккаунт: +79819809142
INFO     Proxy 188.120.245.247:12432
INFO     Proxy 13.53.199.245:20071
INFO     Proxy 188.120.245.247:12432
INFO     Proxy 178.63.200.178:1080
INFO     LTC Click Bot
INFO     №5, balance - 0.00030483
INFO     5 Переходим на другого бота, нет заданий
INFO     №5, Wait
INFO     Входим в аккаунт: +79819809142
INFO     Proxy 192.162.124.158:1080
INFO     LTC Click Bot
INFO     №5, balance - 0.00031399
INFO     Входим в аккаунт: +79819809142
INFO     Proxy 193.242.151.221:3327
INFO     LTC Click Bot
INFO     №5, balance - 0.00031399
INFO     5 Переходим на другого бота, нет заданий
INFO     №5, Wait
INFO     Входим в аккаунт: +79819809142
INFO     Proxy 193.242.151.221:3327
INFO     LTC Click Bot
INFO     №5, balance - 0.00031399
INFO     Входим в аккаунт: +79819809142
INFO     Proxy 5.45.81.173:14785
INFO     Proxy 216.144.228.130:15378
INFO     Входим в аккаунт: +79819809142
INFO     Proxy 185.43.6.164:1040
INFO     LTC Click Bot
INFO     №5, balance - 0.00031399
INFO     Входим в аккаунт: +79819809142
INFO     Proxy 185.43.6.164:1040
INFO     LTC Click Bot
INFO     №5, balance - 0.00031399
INFO     Входим в аккаунт: +79819809142
INFO     Proxy 192.162.124.158:1080
INFO     LTC Click Bot
INFO     №5, balance - 0.00031399
INFO     Ждать придется: 20
INFO     Перехожу по ссылке
INFO     Ждать придется: 20
INFO     Перехожу по ссылке
INFO     Входим в аккаунт: +79819809142
INFO     Proxy 90.76.55.14:1080
INFO     Proxy 216.144.228.130:15378
INFO     Входим в аккаунт: +79819809142
INFO     Proxy 193.242.151.221:3327
INFO     LTC Click Bot
INFO     №5, balance - 0.00031399
INFO     5 Переходим на другого бота, лимит заданий
INFO     №5, Wait
INFO     Входим в аккаунт: +79819809142
INFO     Proxy 90.76.55.14:1080
INFO     LTC Click Bot
INFO     №5, balance - 0.00032665
INFO     Входим в аккаунт: +79819809142
INFO     Proxy 95.179.196.100:33685
INFO     LTC Click Bot
INFO     №5, balance - 0.00032665
INFO     5 Переходим на другого бота, лимит заданий
INFO     №5, Wait
INFO     Входим в аккаунт: +79819809142
INFO     Proxy 192.162.124.158:1080
INFO     LTC Click Bot
INFO     №5, balance - 0.00033557
INFO     Входим в аккаунт: +79819809142
INFO     Proxy 216.144.228.130:15378
INFO     Входим в аккаунт: +79819809142
INFO     Proxy 89.18.136.217:8001
INFO     LTC Click Bot
INFO     №5, balance - 0.00033557
INFO     №5, balance - 0.00033557
INFO     №5, balance - 0.00033557
INFO     №5, balance - 0.00033557
INFO     №5, balance - 0.00033557
INFO     №5, balance - 0.00033557
INFO     №5, balance - 0.00033557
INFO     №5, balance - 0.00033557
INFO     Входим в аккаунт: +79819809142
INFO     Proxy 5.3.4.9:10021
INFO     LTC Click Bot
INFO     №5, balance - 0.00034347
INFO     Входим в аккаунт: +79819809142
INFO     Proxy 13.53.199.245:20071
INFO     Proxy 178.63.200.178:1080
INFO     Proxy 216.144.228.130:15378
